==================================================
[START] 2026-06-06 19:55:22  beauty_b003_s02_i03_seed42
[OUT]   new_log/beauty_sicr/MyModelV2_SICR_b003_s02_i03_seed42.out
==================================================
Sat Jun  6 19:55:22 2026       
+---------------------------------------------------------------------------------------+
| NVIDIA-SMI 535.309.01             Driver Version: 535.309.01   CUDA Version: 12.2     |
|-----------------------------------------+----------------------+----------------------+
| GPU  Name                 Persistence-M | Bus-Id        Disp.A | Volatile Uncorr. ECC |
| Fan  Temp   Perf          Pwr:Usage/Cap |         Memory-Usage | GPU-Util  Compute M. |
|                                         |                      |               MIG M. |
|=========================================+======================+======================|
|   0  Quadro RTX 5000                Off | 00000000:17:00.0 Off |                  Off |
| 40%   66C    P2              67W / 230W |   3499MiB / 16384MiB |      0%      Default |
|                                         |                      |                  N/A |
+-----------------------------------------+----------------------+----------------------+
|   1  Quadro RTX 5000                Off | 00000000:65:00.0 Off |                  Off |
| 46%   71C    P2              83W / 230W |   3232MiB / 16384MiB |     13%      Default |
|                                         |                      |                  N/A |
+-----------------------------------------+----------------------+----------------------+
                                                                                         
+---------------------------------------------------------------------------------------+
| Processes:                                                                            |
|  GPU   GI   CI        PID   Type   Process name                            GPU Memory |
|        ID   ID                                                             Usage      |
|=======================================================================================|
|    0   N/A  N/A      1632      G   /usr/lib/xorg/Xorg                           40MiB |
|    0   N/A  N/A      1832      G   /usr/bin/gnome-shell                          6MiB |
|    0   N/A  N/A    232599      C   python                                     3424MiB |
|    1   N/A  N/A      1632      G   /usr/lib/xorg/Xorg                            4MiB |
|    1   N/A  N/A    226036      C   python                                      296MiB |
|    1   N/A  N/A    232842      C   python                                     2928MiB |
+---------------------------------------------------------------------------------------+
[DONE]  2026-06-06 20:31:19  beauty_b003_s02_i03_seed42
==================================================
[START] 2026-06-06 20:31:19  beauty_b005_s02_i03_seed42
[OUT]   new_log/beauty_sicr/MyModelV2_SICR_b005_s02_i03_seed42.out
==================================================
Sat Jun  6 20:31:19 2026       
+---------------------------------------------------------------------------------------+
| NVIDIA-SMI 535.309.01             Driver Version: 535.309.01   CUDA Version: 12.2     |
|-----------------------------------------+----------------------+----------------------+
| GPU  Name                 Persistence-M | Bus-Id        Disp.A | Volatile Uncorr. ECC |
| Fan  Temp   Perf          Pwr:Usage/Cap |         Memory-Usage | GPU-Util  Compute M. |
|                                         |                      |               MIG M. |
|=========================================+======================+======================|
|   0  Quadro RTX 5000                Off | 00000000:17:00.0 Off |                  Off |
| 59%   77C    P0              65W / 230W |     72MiB / 16384MiB |     81%      Default |
|                                         |                      |                  N/A |
+-----------------------------------------+----------------------+----------------------+
|   1  Quadro RTX 5000                Off | 00000000:65:00.0 Off |                  Off |
| 35%   53C    P8              15W / 230W |      6MiB / 16384MiB |      0%      Default |
|                                         |                      |                  N/A |
+-----------------------------------------+----------------------+----------------------+
                                                                                         
+---------------------------------------------------------------------------------------+
| Processes:                                                                            |
|  GPU   GI   CI        PID   Type   Process name                            GPU Memory |
|        ID   ID                                                             Usage      |
|=======================================================================================|
|    0   N/A  N/A      1632      G   /usr/lib/xorg/Xorg                           40MiB |
|    0   N/A  N/A      1832      G   /usr/bin/gnome-shell                          6MiB |
|    1   N/A  N/A      1632      G   /usr/lib/xorg/Xorg                            4MiB |
+---------------------------------------------------------------------------------------+
[DONE]  2026-06-06 21:08:18  beauty_b005_s02_i03_seed42
==================================================
[START] 2026-06-06 21:08:18  beauty_b008_s03_i04_seed42
[OUT]   new_log/beauty_sicr/MyModelV2_SICR_b008_s03_i04_seed42.out
==================================================
Sat Jun  6 21:08:18 2026       
+---------------------------------------------------------------------------------------+
| NVIDIA-SMI 535.309.01             Driver Version: 535.309.01   CUDA Version: 12.2     |
|-----------------------------------------+----------------------+----------------------+
| GPU  Name                 Persistence-M | Bus-Id        Disp.A | Volatile Uncorr. ECC |
| Fan  Temp   Perf          Pwr:Usage/Cap |         Memory-Usage | GPU-Util  Compute M. |
|                                         |                      |               MIG M. |
|=========================================+======================+======================|
|   0  Quadro RTX 5000                Off | 00000000:17:00.0 Off |                  Off |
| 68%   77C    P0              65W / 230W |     72MiB / 16384MiB |      0%      Default |
|                                         |                      |                  N/A |
+-----------------------------------------+----------------------+----------------------+
|   1  Quadro RTX 5000                Off | 00000000:65:00.0 Off |                  Off |
| 35%   51C    P8              15W / 230W |      6MiB / 16384MiB |      0%      Default |
|                                         |                      |                  N/A |
+-----------------------------------------+----------------------+----------------------+
                                                                                         
+---------------------------------------------------------------------------------------+
| Processes:                                                                            |
|  GPU   GI   CI        PID   Type   Process name                            GPU Memory |
|        ID   ID                                                             Usage      |
|=======================================================================================|
|    0   N/A  N/A      1632      G   /usr/lib/xorg/Xorg                           40MiB |
|    0   N/A  N/A      1832      G   /usr/bin/gnome-shell                          6MiB |
|    1   N/A  N/A      1632      G   /usr/lib/xorg/Xorg                            4MiB |
+---------------------------------------------------------------------------------------+
[DONE]  2026-06-06 21:42:37  beauty_b008_s03_i04_seed42
==================================================
[START] 2026-06-06 21:42:37  ml1m_b002_s00_i03_seed42
[OUT]   new_log/ml1m_sicr/MyModelV2_SICR_b002_s00_i03_seed42.out
==================================================
Sat Jun  6 21:42:37 2026       
+---------------------------------------------------------------------------------------+
| NVIDIA-SMI 535.309.01             Driver Version: 535.309.01   CUDA Version: 12.2     |
|-----------------------------------------+----------------------+----------------------+
| GPU  Name                 Persistence-M | Bus-Id        Disp.A | Volatile Uncorr. ECC |
| Fan  Temp   Perf          Pwr:Usage/Cap |         Memory-Usage | GPU-Util  Compute M. |
|                                         |                      |               MIG M. |
|=========================================+======================+======================|
|   0  Quadro RTX 5000                Off | 00000000:17:00.0 Off |                  Off |
| 60%   77C    P0              65W / 230W |     72MiB / 16384MiB |      0%      Default |
|                                         |                      |                  N/A |
+-----------------------------------------+----------------------+----------------------+
|   1  Quadro RTX 5000                Off | 00000000:65:00.0 Off |                  Off |
| 35%   50C    P8              15W / 230W |      6MiB / 16384MiB |      0%      Default |
|                                         |                      |                  N/A |
+-----------------------------------------+----------------------+----------------------+
                                                                                         
+---------------------------------------------------------------------------------------+
| Processes:                                                                            |
|  GPU   GI   CI        PID   Type   Process name                            GPU Memory |
|        ID   ID                                                             Usage      |
|=======================================================================================|
|    0   N/A  N/A      1632      G   /usr/lib/xorg/Xorg                           40MiB |
|    0   N/A  N/A      1832      G   /usr/bin/gnome-shell                          6MiB |
|    1   N/A  N/A      1632      G   /usr/lib/xorg/Xorg                            4MiB |
+---------------------------------------------------------------------------------------+
[DONE]  2026-06-07 01:43:24  ml1m_b002_s00_i03_seed42
==================================================
[START] 2026-06-07 01:43:24  ml1m_b003_s01_i03_seed42
[OUT]   new_log/ml1m_sicr/MyModelV2_SICR_b003_s01_i03_seed42.out
==================================================
Sun Jun  7 01:43:24 2026       
+---------------------------------------------------------------------------------------+
| NVIDIA-SMI 535.309.01             Driver Version: 535.309.01   CUDA Version: 12.2     |
|-----------------------------------------+----------------------+----------------------+
| GPU  Name                 Persistence-M | Bus-Id        Disp.A | Volatile Uncorr. ECC |
| Fan  Temp   Perf          Pwr:Usage/Cap |         Memory-Usage | GPU-Util  Compute M. |
|                                         |                      |               MIG M. |
|=========================================+======================+======================|
|   0  Quadro RTX 5000                Off | 00000000:17:00.0 Off |                  Off |
| 53%   72C    P0              61W / 230W |     72MiB / 16384MiB |     11%      Default |
|                                         |                      |                  N/A |
+-----------------------------------------+----------------------+----------------------+
|   1  Quadro RTX 5000                Off | 00000000:65:00.0 Off |                  Off |
| 34%   48C    P8              14W / 230W |      6MiB / 16384MiB |      0%      Default |
|                                         |                      |                  N/A |
+-----------------------------------------+----------------------+----------------------+
                                                                                         
+---------------------------------------------------------------------------------------+
| Processes:                                                                            |
|  GPU   GI   CI        PID   Type   Process name                            GPU Memory |
|        ID   ID                                                             Usage      |
|=======================================================================================|
|    0   N/A  N/A      1632      G   /usr/lib/xorg/Xorg                           40MiB |
|    0   N/A  N/A      1832      G   /usr/bin/gnome-shell                          6MiB |
|    1   N/A  N/A      1632      G   /usr/lib/xorg/Xorg                            4MiB |
+---------------------------------------------------------------------------------------+
[DONE]  2026-06-07 05:18:20  ml1m_b003_s01_i03_seed42
==================================================
[START] 2026-06-07 05:18:20  ml1m_b005_s01_i05_seed42
[OUT]   new_log/ml1m_sicr/MyModelV2_SICR_b005_s01_i05_seed42.out
==================================================
Sun Jun  7 05:18:20 2026       
+---------------------------------------------------------------------------------------+
| NVIDIA-SMI 535.309.01             Driver Version: 535.309.01   CUDA Version: 12.2     |
|-----------------------------------------+----------------------+----------------------+
| GPU  Name                 Persistence-M | Bus-Id        Disp.A | Volatile Uncorr. ECC |
| Fan  Temp   Perf          Pwr:Usage/Cap |         Memory-Usage | GPU-Util  Compute M. |
|                                         |                      |               MIG M. |
|=========================================+======================+======================|
|   0  Quadro RTX 5000                Off | 00000000:17:00.0 Off |                  Off |
| 52%   73C    P0              62W / 230W |     72MiB / 16384MiB |     58%      Default |
|                                         |                      |                  N/A |
+-----------------------------------------+----------------------+----------------------+
|   1  Quadro RTX 5000                Off | 00000000:65:00.0 Off |                  Off |
| 34%   48C    P8              15W / 230W |      6MiB / 16384MiB |      0%      Default |
|                                         |                      |                  N/A |
+-----------------------------------------+----------------------+----------------------+
                                                                                         
+---------------------------------------------------------------------------------------+
| Processes:                                                                            |
|  GPU   GI   CI        PID   Type   Process name                            GPU Memory |
|        ID   ID                                                             Usage      |
|=======================================================================================|
|    0   N/A  N/A      1632      G   /usr/lib/xorg/Xorg                           40MiB |
|    0   N/A  N/A      1832      G   /usr/bin/gnome-shell                          6MiB |
|    1   N/A  N/A      1632      G   /usr/lib/xorg/Xorg                            4MiB |
+---------------------------------------------------------------------------------------+
[DONE]  2026-06-07 07:48:25  ml1m_b005_s01_i05_seed42
==================================================
[ALL DONE] 2026-06-07 07:48:25
==================================================
